<?xml version="1.0" encoding="UTF-8"?>
<testsuite xmlns:xsi="http://www.w3.org/2001/XMLSchema-instance" xsi:noNamespaceSchemaLocation="https://maven.apache.org/surefire/maven-failsafe-plugin/xsd/failsafe-test-report.xsd" version="3.0.2" name="fr.takima.training.sampleapplication.IT.DepartmentControllerTestIT" time="35.663" tests="6" errors="0" skipped="0" failures="0">
  <properties>
[...]
</properties>
  <testcase name="testGetDepartmentStudentsByName" classname="fr.takima.training.sampleapplication.IT.DepartmentControllerTestIT" time="1.946">
    <system-out><![CDATA[
  .   ____          _            __ _ _
 /\\ / ___'_ __ _ _(_)_ __  __ _ \ \ \ \
( ( )\___ | '_ | '_| | '_ \/ _` | \ \ \ \
 \\/  ___)| |_)| | | | | || (_| |  ) ) ) )
  '  |____| .__|_| |_|_| |_\__, | / / / /
 =========|_|==============|___/=/_/_/_/

 :: Spring Boot ::                (v3.4.2)

2025-05-22T16:12:47.583+02:00  INFO 20976 --- [           main] f.t.t.s.IT.DepartmentControllerTestIT    : Starting DepartmentControllerTestIT using Java 21.0.6 with PID 20976 (started by nathan in /Users/nathan/Development/BDML/DevOps/TP1_docker/backend)
2025-05-22T16:12:47.598+02:00  INFO 20976 --- [           main] f.t.t.s.IT.DepartmentControllerTestIT    : No active profile set, falling back to 1 default profile: "default"
2025-05-22T16:12:50.232+02:00  INFO 20976 --- [           main] .s.d.r.c.RepositoryConfigurationDelegate : Bootstrapping Spring Data JPA repositories in DEFAULT mode.
2025-05-22T16:12:50.357+02:00  INFO 20976 --- [           main] .s.d.r.c.RepositoryConfigurationDelegate : Finished Spring Data repository scanning in 106 ms. Found 2 JPA repository interfaces.
2025-05-22T16:12:52.414+02:00  INFO 20976 --- [           main] com.zaxxer.hikari.HikariDataSource       : HikariPool-1 - Starting...
2025-05-22T16:12:52.672+02:00  INFO 20976 --- [           main] org.testcontainers.images.PullPolicy     : Image pull policy will be performed by: DefaultPullPolicy()
2025-05-22T16:12:52.675+02:00  INFO 20976 --- [           main] o.t.utility.ImageNameSubstitutor         : Image name substitution will be performed by: DefaultImageNameSubstitutor (composite of 'ConfigurationFileImageNameSubstitutor' and 'PrefixingImageNameSubstitutor')
2025-05-22T16:12:52.696+02:00  INFO 20976 --- [           main] org.testcontainers.DockerClientFactory   : Testcontainers version: 1.20.4
2025-05-22T16:12:53.721+02:00  INFO 20976 --- [           main] o.t.d.DockerClientProviderStrategy       : Found Docker environment with local Unix socket (unix:///var/run/docker.sock)
2025-05-22T16:12:53.730+02:00  INFO 20976 --- [           main] org.testcontainers.DockerClientFactory   : Docker host IP address is localhost
2025-05-22T16:12:53.774+02:00  INFO 20976 --- [           main] org.testcontainers.DockerClientFactory   : Connected to docker: 
  Server Version: 27.4.0
  API Version: 1.47
  Operating System: Docker Desktop
  Total Memory: 7837 MB
  Labels: 
    com.docker.desktop.address=unix:///Users/nathan/Library/Containers/com.docker.docker/Data/docker-cli.sock
2025-05-22T16:12:54.020+02:00  INFO 20976 --- [           main] tc.testcontainers/ryuk:0.11.0            : Pulling docker image: testcontainers/ryuk:0.11.0. Please be patient; this may take some time but only needs to be done once.
2025-05-22T16:12:54.199+02:00  INFO 20976 --- [           main] o.t.utility.RegistryAuthLocator          : Credential helper/store (docker-credential-desktop) does not have credentials for https://index.docker.io/v1/
2025-05-22T16:12:55.439+02:00  INFO 20976 --- [eam--1327023394] tc.testcontainers/ryuk:0.11.0            : Starting to pull image
2025-05-22T16:12:55.531+02:00  INFO 20976 --- [eam--1327023394] tc.testcontainers/ryuk:0.11.0            : Pulling image layers:  0 pending,  0 downloaded,  0 extracted, (0 bytes/0 bytes)
2025-05-22T16:12:56.341+02:00  INFO 20976 --- [eam--1327023394] tc.testcontainers/ryuk:0.11.0            : Pulling image layers:  2 pending,  1 downloaded,  0 extracted, (0 bytes/? MB)
2025-05-22T16:12:56.535+02:00  INFO 20976 --- [eam--1327023394] tc.testcontainers/ryuk:0.11.0            : Pulling image layers:  1 pending,  2 downloaded,  0 extracted, (2 MB/? MB)
2025-05-22T16:12:58.536+02:00  INFO 20976 --- [eam--1327023394] tc.testcontainers/ryuk:0.11.0            : Pulling image layers:  0 pending,  3 downloaded,  0 extracted, (7 MB/10 MB)
2025-05-22T16:12:58.555+02:00  INFO 20976 --- [           main] tc.testcontainers/ryuk:0.11.0            : Image testcontainers/ryuk:0.11.0 pull took PT4.534365S
2025-05-22T16:12:58.555+02:00  INFO 20976 --- [eam--1327023394] tc.testcontainers/ryuk:0.11.0            : Pull complete. 3 layers, pulled in 3s (downloaded 7 MB at 2 MB/s)
2025-05-22T16:12:58.714+02:00  INFO 20976 --- [           main] tc.testcontainers/ryuk:0.11.0            : Creating container for image: testcontainers/ryuk:0.11.0
2025-05-22T16:12:58.939+02:00  INFO 20976 --- [           main] tc.testcontainers/ryuk:0.11.0            : Container testcontainers/ryuk:0.11.0 is starting: 244a1acc3042cfddbfab26c4bcea8cd27ec49a5420aa7567787620405479f3ed
2025-05-22T16:12:59.506+02:00  INFO 20976 --- [           main] tc.testcontainers/ryuk:0.11.0            : Container testcontainers/ryuk:0.11.0 started in PT0.791981S
2025-05-22T16:12:59.521+02:00  INFO 20976 --- [           main] o.t.utility.RyukResourceReaper           : Ryuk started - will monitor and terminate Testcontainers containers on JVM exit
2025-05-22T16:12:59.522+02:00  INFO 20976 --- [           main] org.testcontainers.DockerClientFactory   : Checking the system...
2025-05-22T16:12:59.523+02:00  INFO 20976 --- [           main] org.testcontainers.DockerClientFactory   : ✔︎ Docker server version should be at least 1.6.0
2025-05-22T16:12:59.535+02:00  INFO 20976 --- [           main] tc.postgres:9.6.12                       : Pulling docker image: postgres:9.6.12. Please be patient; this may take some time but only needs to be done once.
2025-05-22T16:13:00.643+02:00  INFO 20976 --- [ream--993188099] tc.postgres:9.6.12                       : Starting to pull image
2025-05-22T16:13:00.650+02:00  INFO 20976 --- [ream--993188099] tc.postgres:9.6.12                       : Pulling image layers:  0 pending,  0 downloaded,  0 extracted, (0 bytes/0 bytes)
2025-05-22T16:13:01.563+02:00  INFO 20976 --- [ream--993188099] tc.postgres:9.6.12                       : Pulling image layers: 13 pending,  1 downloaded,  0 extracted, (0 bytes/? MB)
2025-05-22T16:13:01.752+02:00  INFO 20976 --- [ream--993188099] tc.postgres:9.6.12                       : Pulling image layers: 12 pending,  2 downloaded,  0 extracted, (0 bytes/? MB)
2025-05-22T16:13:01.755+02:00  INFO 20976 --- [ream--993188099] tc.postgres:9.6.12                       : Pulling image layers: 11 pending,  3 downloaded,  0 extracted, (0 bytes/? MB)
2025-05-22T16:13:01.756+02:00  INFO 20976 --- [ream--993188099] tc.postgres:9.6.12                       : Pulling image layers: 10 pending,  4 downloaded,  0 extracted, (1 MB/? MB)
2025-05-22T16:13:01.846+02:00  INFO 20976 --- [ream--993188099] tc.postgres:9.6.12                       : Pulling image layers:  9 pending,  5 downloaded,  0 extracted, (2 MB/? MB)
2025-05-22T16:13:01.848+02:00  INFO 20976 --- [ream--993188099] tc.postgres:9.6.12                       : Pulling image layers:  8 pending,  6 downloaded,  0 extracted, (2 MB/? MB)
2025-05-22T16:13:02.046+02:00  INFO 20976 --- [ream--993188099] tc.postgres:9.6.12                       : Pulling image layers:  7 pending,  7 downloaded,  0 extracted, (3 MB/? MB)
2025-05-22T16:13:02.048+02:00  INFO 20976 --- [ream--993188099] tc.postgres:9.6.12                       : Pulling image layers:  6 pending,  8 downloaded,  0 extracted, (3 MB/? MB)
2025-05-22T16:13:02.053+02:00  INFO 20976 --- [ream--993188099] tc.postgres:9.6.12                       : Pulling image layers:  5 pending,  9 downloaded,  0 extracted, (3 MB/? MB)
2025-05-22T16:13:02.152+02:00  INFO 20976 --- [ream--993188099] tc.postgres:9.6.12                       : Pulling image layers:  4 pending, 10 downloaded,  0 extracted, (3 MB/? MB)
2025-05-22T16:13:02.245+02:00  INFO 20976 --- [ream--993188099] tc.postgres:9.6.12                       : Pulling image layers:  3 pending, 11 downloaded,  0 extracted, (5 MB/? MB)
2025-05-22T16:13:02.547+02:00  INFO 20976 --- [ream--993188099] tc.postgres:9.6.12                       : Pulling image layers:  2 pending, 12 downloaded,  0 extracted, (8 MB/? MB)
2025-05-22T16:13:05.747+02:00  INFO 20976 --- [ream--993188099] tc.postgres:9.6.12                       : Pulling image layers:  1 pending, 13 downloaded,  0 extracted, (41 MB/? MB)
2025-05-22T16:13:07.644+02:00  INFO 20976 --- [ream--993188099] tc.postgres:9.6.12                       : Pulling image layers:  0 pending, 14 downloaded,  0 extracted, (70 MB/74 MB)
2025-05-22T16:13:08.320+02:00  INFO 20976 --- [ream--993188099] tc.postgres:9.6.12                       : Pull complete. 14 layers, pulled in 7s (downloaded 70 MB at 10 MB/s)
2025-05-22T16:13:08.319+02:00  INFO 20976 --- [           main] tc.postgres:9.6.12                       : Image postgres:9.6.12 pull took PT8.782796S
2025-05-22T16:13:08.379+02:00  INFO 20976 --- [           main] tc.postgres:9.6.12                       : Creating container for image: postgres:9.6.12
2025-05-22T16:13:08.574+02:00  INFO 20976 --- [           main] tc.postgres:9.6.12                       : Container postgres:9.6.12 is starting: 6f5944f1e0fe3bfa3ead6c065b2c9c572add06ac3714bea9c0d73f53a2e85a90
2025-05-22T16:13:11.777+02:00  INFO 20976 --- [           main] tc.postgres:9.6.12                       : Container postgres:9.6.12 started in PT3.397612S
2025-05-22T16:13:11.786+02:00  INFO 20976 --- [           main] tc.postgres:9.6.12                       : Container is started (JDBC URL: jdbc:postgresql://localhost:56193/simple-api?loggerLevel=OFF)
2025-05-22T16:13:12.056+02:00  INFO 20976 --- [           main] com.zaxxer.hikari.pool.HikariPool        : HikariPool-1 - Added connection org.testcontainers.jdbc.ConnectionWrapper@39f9c6f5
2025-05-22T16:13:12.063+02:00  INFO 20976 --- [           main] com.zaxxer.hikari.HikariDataSource       : HikariPool-1 - Start completed.
2025-05-22T16:13:12.382+02:00  INFO 20976 --- [           main] o.hibernate.jpa.internal.util.LogHelper  : HHH000204: Processing PersistenceUnitInfo [name: default]
2025-05-22T16:13:12.477+02:00  INFO 20976 --- [           main] org.hibernate.Version                    : HHH000412: Hibernate ORM core version 6.6.5.Final
2025-05-22T16:13:12.545+02:00  INFO 20976 --- [           main] o.h.c.internal.RegionFactoryInitiator    : HHH000026: Second-level cache disabled
2025-05-22T16:13:13.471+02:00  INFO 20976 --- [           main] o.s.o.j.p.SpringPersistenceUnitInfo      : No LoadTimeWeaver setup: ignoring JPA class transformer
2025-05-22T16:13:13.654+02:00  WARN 20976 --- [           main] org.hibernate.dialect.Dialect            : HHH000511: The 9.6.12 version for [org.hibernate.dialect.PostgreSQLDialect] is no longer supported, hence certain features may not work properly. The minimum supported version is 12.0.0. Check the community dialects project for available legacy versions.
2025-05-22T16:13:13.692+02:00  INFO 20976 --- [           main] org.hibernate.orm.connections.pooling    : HHH10001005: Database info:
	Database JDBC URL [Connecting through datasource 'HikariDataSource (HikariPool-1)']
	Database driver: undefined/unknown
	Database version: 9.6.12
	Autocommit mode: undefined/unknown
	Isolation level: undefined/unknown
	Minimum pool size: undefined/unknown
	Maximum pool size: undefined/unknown
2025-05-22T16:13:15.141+02:00  INFO 20976 --- [           main] o.h.e.t.j.p.i.JtaPlatformInitiator       : HHH000489: No JTA platform available (set 'hibernate.transaction.jta.platform' to enable JTA platform integration)
2025-05-22T16:13:15.145+02:00  INFO 20976 --- [           main] j.LocalContainerEntityManagerFactoryBean : Initialized JPA EntityManagerFactory for persistence unit 'default'
2025-05-22T16:13:16.612+02:00  WARN 20976 --- [           main] JpaBaseConfiguration$JpaWebConfiguration : spring.jpa.open-in-view is enabled by default. Therefore, database queries may be performed during view rendering. Explicitly configure spring.jpa.open-in-view to disable this warning
2025-05-22T16:13:16.746+02:00  INFO 20976 --- [           main] o.s.v.b.OptionalValidatorFactoryBean     : Failed to set up a Bean Validation provider: jakarta.validation.NoProviderFoundException: Unable to create a Configuration, because no Jakarta Validation provider could be found. Add a provider like Hibernate Validator (RI) to your classpath.
2025-05-22T16:13:18.316+02:00  INFO 20976 --- [           main] o.s.b.t.m.w.SpringBootMockServletContext : Initializing Spring TestDispatcherServlet ''
2025-05-22T16:13:18.317+02:00  INFO 20976 --- [           main] o.s.t.web.servlet.TestDispatcherServlet  : Initializing Servlet ''
2025-05-22T16:13:18.339+02:00  INFO 20976 --- [           main] o.s.b.a.e.web.EndpointLinksResolver      : Exposing 1 endpoint beneath base path '/actuator'
2025-05-22T16:13:18.375+02:00  INFO 20976 --- [           main] o.s.t.web.servlet.TestDispatcherServlet  : Completed initialization in 56 ms
2025-05-22T16:13:18.528+02:00  INFO 20976 --- [           main] f.t.t.s.IT.DepartmentControllerTestIT    : Started DepartmentControllerTestIT in 32.206 seconds (process running for 35.557)
]]></system-out>
    <system-err><![CDATA[Mockito is currently self-attaching to enable the inline-mock-maker. This will no longer work in future releases of the JDK. Please add Mockito as an agent to your build what is described in Mockito's documentation: https://javadoc.io/doc/org.mockito/mockito-core/latest/org/mockito/Mockito.html#0.3
WARNING: A Java agent has been loaded dynamically (/Users/nathan/.m2/repository/net/bytebuddy/byte-buddy-agent/1.15.11/byte-buddy-agent-1.15.11.jar)
WARNING: If a serviceability tool is in use, please run with -XX:+EnableDynamicAgentLoading to hide this warning
WARNING: If a serviceability tool is not in use, please run with -Djdk.instrument.traceUsage for more information
WARNING: Dynamic loading of agents will be disallowed by default in a future release
]]></system-err>
  </testcase>
  <testcase name="testGetDepartmentCountByName" classname="fr.takima.training.sampleapplication.IT.DepartmentControllerTestIT" time="0.095"/>
  <testcase name="testGetNonExistingDepartmentStudentsByName" classname="fr.takima.training.sampleapplication.IT.DepartmentControllerTestIT" time="0.046"/>
  <testcase name="testGetNonExistingDepartmentCountsByName" classname="fr.takima.training.sampleapplication.IT.DepartmentControllerTestIT" time="0.051"/>
  <testcase name="testGetNonExistingDepartmentByName" classname="fr.takima.training.sampleapplication.IT.DepartmentControllerTestIT" time="0.037"/>
  <testcase name="testGetDepartmentByName" classname="fr.takima.training.sampleapplication.IT.DepartmentControllerTestIT" time="0.053"/>
</testsuite>